<?xml version="1.0" encoding="UTF-8"?>
<testng-results ignored="0" total="2" passed="2" failed="0" skipped="0">
  <reporter-output>
  </reporter-output>
  <suite started-at="2023-04-07T22:26:24 IST" name="Suite" finished-at="2023-04-07T22:27:40 IST" duration-ms="76108">
    <groups>
    </groups>
    <test started-at="2023-04-07T22:26:24 IST" name="Test" finished-at="2023-04-07T22:27:40 IST" duration-ms="76108">
      <class name="one.SEF">
        <test-method signature="main()[pri:0, instance:one.SEF@5223e5ee]" started-at="2023-04-07T22:27:16 IST" name="main" finished-at="2023-04-07T22:27:40 IST" duration-ms="23166" status="PASS">
          <reporter-output>
          </reporter-output>
        </test-method> <!-- main -->
      </class> <!-- one.SEF -->
      <class name="one.see">
        <test-method signature="tes()[pri:0, instance:one.see@363ee3a2]" started-at="2023-04-07T22:26:24 IST" name="tes" finished-at="2023-04-07T22:27:16 IST" duration-ms="52910" status="PASS">
          <reporter-output>
          </reporter-output>
        </test-method> <!-- tes -->
      </class> <!-- one.see -->
    </test> <!-- Test -->
  </suite> <!-- Suite -->
</testng-results>
